<?xml version="1.0" encoding="UTF-8"?>
<!-- Generated by org.testng.reporters.JUnitXMLReporter -->
<testsuite ignored="0" hostname="SHAKIL-XPS15A" failures="0" tests="3" name="Default test" time="36.759" errors="0" timestamp="2022-09-08T21:34:17 EDT">
  <testcase classname="com.stockTests.LoginTest" name="loginTest" time="2.461"/>
  <testcase classname="com.stockTests.LoginTest" name="logoutTest" time="2.008"/>
  <testcase classname="com.stockTests.LoginTest" name="negativeloginTest" time="6.385"/>
</testsuite> <!-- Default test -->
