<?xml version="1.0" encoding="UTF-8"?>
<!-- Generated by org.testng.reporters.JUnitXMLReporter -->
<testsuite hostname="Sharmins-iMac.lan" ignored="0" name="Default test" tests="3" failures="0" timestamp="2022-09-08T12:38:12 EDT" time="21.157" errors="0">
  <testcase name="loginTest" time="2.024" classname="com.stockTests.LoginTest"/>
  <testcase name="logoutTest" time="1.46" classname="com.stockTests.LoginTest"/>
  <testcase name="negativeloginTest" time="5.855" classname="com.stockTests.LoginTest"/>
</testsuite> <!-- Default test -->
