<?xml version="1.0" encoding="UTF-8"?>
<!-- Generated by org.testng.reporters.JUnitXMLReporter -->
<testsuite hostname="Sharmins-iMac.lan" ignored="0" name="Default test" tests="3" failures="0" timestamp="2022-09-07T12:38:50 EDT" time="22.628" errors="0">
  <testcase name="conDiscret" time="15.078" classname="com.stockTests.StockSectorsTest"/>
  <testcase name="sectorsText" time="0.037" classname="com.stockTests.StockSectorsTest"/>
  <testcase name="stockSectorsCountOfLinks" time="2.256" classname="com.stockTests.StockSectorsTest"/>
</testsuite> <!-- Default test -->
