<?xml version="1.0" encoding="UTF-8"?>
<!-- Generated by org.testng.reporters.JUnitXMLReporter -->
<testsuite hostname="Sharmins-iMac.lan" ignored="12" name="Test" tests="14" failures="12" timestamp="2022-09-06T17:51:59 EDT" time="13.131" errors="0">
  <testcase name="getMarkets" time="0.238" classname="com.stockTests.MouseHoverTest"/>
  <testcase name="getworldMarkets" time="1.835" classname="com.stockTests.MouseHoverTest"/>
  <testcase name="getIcon" time="0.0" classname="com.stockTests.NewsLetterTest">
    <failure type="java.lang.NullPointerException">
      <![CDATA[java.lang.NullPointerException
at com.stockTests.NewsLetterTest.getIcon(NewsLetterTest.java:31)
at java.util.ArrayList.forEach(ArrayList.java:1259)
... Removed 27 stack frames]]>
    </failure>
  </testcase> <!-- getIcon -->
  <testcase name="getnewsLetter" time="0.001" classname="com.stockTests.NewsLetterTest">
    <failure type="java.lang.NullPointerException">
      <![CDATA[java.lang.NullPointerException
at com.stockTests.NewsLetterTest.getnewsLetter(NewsLetterTest.java:15)
at java.util.ArrayList.forEach(ArrayList.java:1259)
... Removed 27 stack frames]]>
    </failure>
  </testcase> <!-- getnewsLetter -->
  <testcase name="conDiscret" time="0.001" classname="com.stockTests.StockSectorsTest">
    <failure type="java.lang.NullPointerException">
      <![CDATA[java.lang.NullPointerException
at com.stockTests.StockSectorsTest.conDiscret(StockSectorsTest.java:48)
at java.util.ArrayList.forEach(ArrayList.java:1259)
... Removed 27 stack frames]]>
    </failure>
  </testcase> <!-- conDiscret -->
  <testcase name="sectorsText" time="0.001" classname="com.stockTests.StockSectorsTest">
    <failure type="java.lang.NullPointerException">
      <![CDATA[java.lang.NullPointerException
at com.stockTests.StockSectorsTest.sectorsText(StockSectorsTest.java:25)
at java.util.ArrayList.forEach(ArrayList.java:1259)
... Removed 27 stack frames]]>
    </failure>
  </testcase> <!-- sectorsText -->
  <testcase name="stockSectorsCountOfLinks" time="0.001" classname="com.stockTests.StockSectorsTest">
    <failure type="java.lang.NullPointerException">
      <![CDATA[java.lang.NullPointerException
at com.stockTests.StockSectorsTest.stockSectorsCountOfLinks(StockSectorsTest.java:14)
at java.util.ArrayList.forEach(ArrayList.java:1259)
... Removed 27 stack frames]]>
    </failure>
  </testcase> <!-- stockSectorsCountOfLinks -->
  <testcase name="loginTest" time="0.002" classname="com.stockTests.ViewFullPortfolioTest">
    <failure type="java.lang.NullPointerException">
      <![CDATA[java.lang.NullPointerException
at com.stockTests.ViewFullPortfolioTest.loginTest(ViewFullPortfolioTest.java:14)
at java.util.ArrayList.forEach(ArrayList.java:1259)
... Removed 27 stack frames]]>
    </failure>
  </testcase> <!-- loginTest -->
  <testcase name="myEmailsTest" time="0.0" classname="com.stockTests.ViewFullPortfolioTest">
    <failure type="java.lang.NullPointerException">
      <![CDATA[java.lang.NullPointerException
at com.stockTests.ViewFullPortfolioTest.myEmailsTest(ViewFullPortfolioTest.java:22)
at java.util.ArrayList.forEach(ArrayList.java:1259)
... Removed 27 stack frames]]>
    </failure>
  </testcase> <!-- myEmailsTest -->
  <testcase name="logOutViewFullPortFolio" time="5.003" classname="com.stockTests.ViewFullPortfolioTest">
    <failure type="java.lang.NullPointerException">
      <![CDATA[java.lang.NullPointerException
at com.stockTests.ViewFullPortfolioTest.logOutViewFullPortFolio(ViewFullPortfolioTest.java:36)
at java.util.ArrayList.forEach(ArrayList.java:1259)
... Removed 27 stack frames]]>
    </failure>
  </testcase> <!-- logOutViewFullPortFolio -->
  <testcase name="registrationNegativeTest" time="0.0" classname="com.stockTests.UserRegistrationTest">
    <failure type="java.lang.NullPointerException">
      <![CDATA[java.lang.NullPointerException
at com.stockTests.UserRegistrationTest.registrationNegativeTest(UserRegistrationTest.java:9)
at java.util.ArrayList.forEach(ArrayList.java:1259)
... Removed 27 stack frames]]>
    </failure>
  </testcase> <!-- registrationNegativeTest -->
  <testcase name="loginTest" time="0.001" classname="com.stockTests.LoginTest">
    <failure type="java.lang.NullPointerException">
      <![CDATA[java.lang.NullPointerException
at com.stockTests.LoginTest.loginTest(LoginTest.java:15)
at java.util.ArrayList.forEach(ArrayList.java:1259)
... Removed 27 stack frames]]>
    </failure>
  </testcase> <!-- loginTest -->
  <testcase name="logoutTest" time="0.001" classname="com.stockTests.LoginTest">
    <failure type="java.lang.NullPointerException">
      <![CDATA[java.lang.NullPointerException
at com.stockTests.LoginTest.logoutTest(LoginTest.java:25)
at java.util.ArrayList.forEach(ArrayList.java:1259)
... Removed 27 stack frames]]>
    </failure>
  </testcase> <!-- logoutTest -->
  <testcase name="negativeloginTest" time="0.0" classname="com.stockTests.LoginTest">
    <failure type="java.lang.NullPointerException">
      <![CDATA[java.lang.NullPointerException
at com.stockTests.LoginTest.negativeloginTest(LoginTest.java:37)
at java.util.ArrayList.forEach(ArrayList.java:1259)
... Removed 27 stack frames]]>
    </failure>
  </testcase> <!-- negativeloginTest -->
  <testcase name="@AfterTest tearDown" time="0.0" classname="com.stockTests.TestBase">
    <ignored/>
  </testcase> <!-- @AfterTest tearDown -->
  <testcase name="@AfterTest tearDown" time="0.0" classname="com.stockTests.TestBase">
    <ignored/>
  </testcase> <!-- @AfterTest tearDown -->
  <testcase name="@AfterTest tearDown" time="0.0" classname="com.stockTests.TestBase">
    <ignored/>
  </testcase> <!-- @AfterTest tearDown -->
  <testcase name="@AfterTest tearDown" time="0.0" classname="com.stockTests.TestBase">
    <ignored/>
  </testcase> <!-- @AfterTest tearDown -->
  <testcase name="@AfterTest tearDown" time="0.0" classname="com.stockTests.TestBase">
    <ignored/>
  </testcase> <!-- @AfterTest tearDown -->
  <testcase name="@AfterTest tearDown" time="0.0" classname="com.stockTests.TestBase">
    <ignored/>
  </testcase> <!-- @AfterTest tearDown -->
  <testcase name="@BeforeTest setUp" time="0.0" classname="com.stockTests.TestBase">
    <ignored/>
  </testcase> <!-- @BeforeTest setUp -->
  <testcase name="@BeforeTest setUp" time="0.0" classname="com.stockTests.TestBase">
    <ignored/>
  </testcase> <!-- @BeforeTest setUp -->
  <testcase name="@BeforeTest setUp" time="0.0" classname="com.stockTests.TestBase">
    <ignored/>
  </testcase> <!-- @BeforeTest setUp -->
  <testcase name="@BeforeTest setUp" time="0.0" classname="com.stockTests.TestBase">
    <ignored/>
  </testcase> <!-- @BeforeTest setUp -->
  <testcase name="@BeforeTest setUp" time="0.0" classname="com.stockTests.TestBase">
    <ignored/>
  </testcase> <!-- @BeforeTest setUp -->
  <testcase name="@BeforeTest setUp" time="0.0" classname="com.stockTests.TestBase">
    <ignored/>
  </testcase> <!-- @BeforeTest setUp -->
</testsuite> <!-- Test -->
