<?xml version="1.0" encoding="UTF-8"?>
<testng-results skipped="0" failed="0" ignored="0" total="1" passed="1">
  <reporter-output>
  </reporter-output>
  <suite name="Default suite" duration-ms="24797" started-at="2022-09-07T17:53:21 EDT" finished-at="2022-09-07T17:53:46 EDT">
    <groups>
    </groups>
    <test name="Default test" duration-ms="24797" started-at="2022-09-07T17:53:21 EDT" finished-at="2022-09-07T17:53:46 EDT">
      <class name="com.stockTests.UserRegistrationTest">
        <test-method status="PASS" signature="setUp()[pri:0, instance:com.stockTests.UserRegistrationTest@64485a47]" name="setUp" is-config="true" duration-ms="7936" started-at="2022-09-07T17:53:21 EDT" finished-at="2022-09-07T17:53:29 EDT">
          <reporter-output>
          </reporter-output>
        </test-method> <!-- setUp -->
        <test-method status="PASS" signature="registrationNegativeTest()[pri:0, instance:com.stockTests.UserRegistrationTest@64485a47]" name="registrationNegativeTest" duration-ms="16563" started-at="2022-09-07T17:53:29 EDT" finished-at="2022-09-07T17:53:46 EDT">
          <reporter-output>
          </reporter-output>
        </test-method> <!-- registrationNegativeTest -->
        <test-method status="PASS" signature="tearDown()[pri:0, instance:com.stockTests.UserRegistrationTest@64485a47]" name="tearDown" is-config="true" duration-ms="255" started-at="2022-09-07T17:53:46 EDT" finished-at="2022-09-07T17:53:46 EDT">
          <reporter-output>
          </reporter-output>
        </test-method> <!-- tearDown -->
      </class> <!-- com.stockTests.UserRegistrationTest -->
    </test> <!-- Default test -->
  </suite> <!-- Default suite -->
</testng-results>
