<?xml version="1.0" encoding="UTF-8"?>
<testng-results skipped="0" failed="0" ignored="0" total="2" passed="2">
  <reporter-output>
  </reporter-output>
  <suite name="Default suite" duration-ms="13749" started-at="2022-09-08T19:21:33 EDT" finished-at="2022-09-08T19:21:47 EDT">
    <groups>
    </groups>
    <test name="Default test" duration-ms="13749" started-at="2022-09-08T19:21:33 EDT" finished-at="2022-09-08T19:21:47 EDT">
      <class name="com.stockTests.MarketsDropdownMenuTest">
        <test-method status="PASS" signature="setUp()[pri:0, instance:com.stockTests.MarketsDropdownMenuTest@64485a47]" name="setUp" is-config="true" duration-ms="9594" started-at="2022-09-08T19:21:33 EDT" finished-at="2022-09-08T19:21:43 EDT">
          <reporter-output>
          </reporter-output>
        </test-method> <!-- setUp -->
        <test-method status="PASS" signature="getMarkets()[pri:0, instance:com.stockTests.MarketsDropdownMenuTest@64485a47]" name="getMarkets" duration-ms="2237" started-at="2022-09-08T19:21:43 EDT" finished-at="2022-09-08T19:21:45 EDT">
          <reporter-output>
          </reporter-output>
        </test-method> <!-- getMarkets -->
        <test-method status="PASS" signature="getWorldMarkets()[pri:0, instance:com.stockTests.MarketsDropdownMenuTest@64485a47]" name="getWorldMarkets" duration-ms="1612" started-at="2022-09-08T19:21:45 EDT" finished-at="2022-09-08T19:21:46 EDT">
          <reporter-output>
          </reporter-output>
        </test-method> <!-- getWorldMarkets -->
        <test-method status="PASS" signature="tearDown()[pri:0, instance:com.stockTests.MarketsDropdownMenuTest@64485a47]" name="tearDown" is-config="true" duration-ms="278" started-at="2022-09-08T19:21:46 EDT" finished-at="2022-09-08T19:21:47 EDT">
          <reporter-output>
          </reporter-output>
        </test-method> <!-- tearDown -->
      </class> <!-- com.stockTests.MarketsDropdownMenuTest -->
    </test> <!-- Default test -->
  </suite> <!-- Default suite -->
</testng-results>
