<?xml version="1.0" encoding="UTF-8"?>
<testng-results skipped="0" failed="0" ignored="0" total="2" passed="2">
  <reporter-output>
  </reporter-output>
  <suite name="Default suite" duration-ms="12618" started-at="2022-09-06T19:11:15 EDT" finished-at="2022-09-06T19:11:28 EDT">
    <groups>
    </groups>
    <test name="Default test" duration-ms="12618" started-at="2022-09-06T19:11:15 EDT" finished-at="2022-09-06T19:11:28 EDT">
      <class name="com.stockTests.NewsLetterTest">
        <test-method status="PASS" signature="setUp()[pri:0, instance:com.stockTests.NewsLetterTest@64485a47]" name="setUp" is-config="true" duration-ms="7670" started-at="2022-09-06T19:11:15 EDT" finished-at="2022-09-06T19:11:23 EDT">
          <reporter-output>
          </reporter-output>
        </test-method> <!-- setUp -->
        <test-method status="PASS" signature="getIcon()[pri:1, instance:com.stockTests.NewsLetterTest@64485a47]" name="getIcon" duration-ms="1100" started-at="2022-09-06T19:11:23 EDT" finished-at="2022-09-06T19:11:24 EDT">
          <reporter-output>
          </reporter-output>
        </test-method> <!-- getIcon -->
        <test-method status="PASS" signature="getnewsLetter()[pri:1, instance:com.stockTests.NewsLetterTest@64485a47]" name="getnewsLetter" duration-ms="3587" started-at="2022-09-06T19:11:24 EDT" finished-at="2022-09-06T19:11:27 EDT">
          <reporter-output>
          </reporter-output>
        </test-method> <!-- getnewsLetter -->
        <test-method status="PASS" signature="tearDown()[pri:0, instance:com.stockTests.NewsLetterTest@64485a47]" name="tearDown" is-config="true" duration-ms="232" started-at="2022-09-06T19:11:27 EDT" finished-at="2022-09-06T19:11:28 EDT">
          <reporter-output>
          </reporter-output>
        </test-method> <!-- tearDown -->
      </class> <!-- com.stockTests.NewsLetterTest -->
    </test> <!-- Default test -->
  </suite> <!-- Default suite -->
</testng-results>
